<?xml version="1.0" encoding="UTF-8"?>
<!-- Generated by org.testng.reporters.JUnitReportReporter -->
<testsuite hostname="DESKTOP-5BTR0MQ" failures="0" tests="1" name="org.rahulshettyacademy.eCommerce_tc_2" time="6.377" errors="0" timestamp="25 Nov 2024 07:57:52 GMT" skipped="0">
  <testcase classname="org.rahulshettyacademy.eCommerce_tc_2" name="FillFormErrorMessage" time="6.377"/>
</testsuite> <!-- org.rahulshettyacademy.eCommerce_tc_2 -->
